<testsuite failures="0" name="src/test/resources/features/crearPet.feature" skipped="0" tests="1" time="2.810148">
  <testcase classname="src.test.resources.features.crearPet" name="Crear una mascota" time="2.810148">
    <system-out>* url 'https://petstore.swagger.io/v2' .................................... passed
* path '/pet' ............................................................. passed
* request ................................................................. passed
* method POST ............................................................. passed
* status 200 .............................................................. passed</system-out>
  </testcase>
</testsuite>
