<testsuite failures="0" name="src/test/resources/features/editarPet.feature" skipped="0" tests="1" time="3.021295">
  <testcase classname="src.test.resources.features.editarPet" name="Editar una mascota" time="3.021295">
    <system-out>* url 'https://petstore.swagger.io/v2' .................................... passed
* path '/pet' ............................................................. passed
* request ................................................................. passed
* method PUT .............................................................. passed
* status 200 .............................................................. passed</system-out>
  </testcase>
</testsuite>
