<testsuite failures="0" name="src/test/resources/features/createPet.feature" skipped="0" tests="1" time="2.757852">
  <testcase classname="src.test.resources.features.createPet" name="crear 1 mascota" time="2.757852">
    <system-out>* url 'https://petstore.swagger.io/v2' .................................... passed
* path '/pet' ............................................................. passed
* request ................................................................. passed
* method post ............................................................. passed
* status 200 .............................................................. passed</system-out>
  </testcase>
</testsuite>
