<testsuite failures="0" name="src/test/resources/features/consultarPet.feature" skipped="0" tests="1" time="2.716401">
  <testcase classname="src.test.resources.features.consultarPet" name="Consultar una mascota" time="2.716401">
    <system-out>* url 'https://petstore.swagger.io/v2' .................................... passed
* path '/pet/' + '9223372016900015370' .................................... passed
* method GET .............................................................. passed
* status 200 .............................................................. passed</system-out>
  </testcase>
</testsuite>
